<?xml version="1.0" encoding="UTF-8"?>
<testng-results skipped="0" failed="0" ignored="0" total="1" passed="1">
  <reporter-output>
  </reporter-output>
  <suite name="Default suite" duration-ms="3674" started-at="2021-08-10T15:52:50Z" finished-at="2021-08-10T15:52:54Z">
    <groups>
    </groups>
    <test name="Default test" duration-ms="3674" started-at="2021-08-10T15:52:50Z" finished-at="2021-08-10T15:52:54Z">
      <class name="restAssuredTests.CreateAccessTokenTest">
        <test-method status="PASS" signature="setup()[pri:0, instance:restAssuredTests.CreateAccessTokenTest@6a4f787b]" name="setup" is-config="true" duration-ms="412" started-at="2021-08-10T15:52:50Z" finished-at="2021-08-10T15:52:50Z">
          <reporter-output>
          </reporter-output>
        </test-method> <!-- setup -->
        <test-method status="PASS" signature="getAccessToken()[pri:0, instance:restAssuredTests.CreateAccessTokenTest@6a4f787b]" name="getAccessToken" duration-ms="3244" started-at="2021-08-10T15:52:50Z" finished-at="2021-08-10T15:52:54Z">
          <reporter-output>
          </reporter-output>
        </test-method> <!-- getAccessToken -->
      </class> <!-- restAssuredTests.CreateAccessTokenTest -->
    </test> <!-- Default test -->
  </suite> <!-- Default suite -->
</testng-results>
